C:\Users\Rodrigo\documents\visual studio 2010\Projects\MonocularVision\Debug\MonocularVision.pdb
C:\Users\Rodrigo\documents\visual studio 2010\Projects\MonocularVision\MonocularVision\Debug\cl.command.1.tlog
C:\Users\Rodrigo\documents\visual studio 2010\Projects\MonocularVision\MonocularVision\Debug\CL.read.1.tlog
C:\Users\Rodrigo\documents\visual studio 2010\Projects\MonocularVision\MonocularVision\Debug\CL.write.1.tlog
C:\Users\Rodrigo\documents\visual studio 2010\Projects\MonocularVision\MonocularVision\Debug\link.1748.read.1.tlog
C:\Users\Rodrigo\documents\visual studio 2010\Projects\MonocularVision\MonocularVision\Debug\link.1748.write.1.tlog
C:\Users\Rodrigo\documents\visual studio 2010\Projects\MonocularVision\MonocularVision\Debug\link.9212.read.1.tlog
C:\Users\Rodrigo\documents\visual studio 2010\Projects\MonocularVision\MonocularVision\Debug\link.9212.write.1.tlog
C:\Users\Rodrigo\documents\visual studio 2010\Projects\MonocularVision\MonocularVision\Debug\link.9212-cvtres.read.1.tlog
C:\Users\Rodrigo\documents\visual studio 2010\Projects\MonocularVision\MonocularVision\Debug\link.9212-cvtres.write.1.tlog
C:\Users\Rodrigo\documents\visual studio 2010\Projects\MonocularVision\MonocularVision\Debug\link.command.1.tlog
C:\Users\Rodrigo\documents\visual studio 2010\Projects\MonocularVision\MonocularVision\Debug\link.read.1.tlog
C:\Users\Rodrigo\documents\visual studio 2010\Projects\MonocularVision\MonocularVision\Debug\link.write.1.tlog
C:\Users\Rodrigo\documents\visual studio 2010\Projects\MonocularVision\MonocularVision\Debug\link-cvtres.read.1.tlog
C:\Users\Rodrigo\documents\visual studio 2010\Projects\MonocularVision\MonocularVision\Debug\link-cvtres.write.1.tlog
C:\USERS\RODRIGO\DOCUMENTS\VISUAL STUDIO 2010\PROJECTS\MONOCULARVISION\MONOCULARVISION\DEBUG\MONOCULARVISION.EXE.EMBED.MANIFEST
C:\USERS\RODRIGO\DOCUMENTS\VISUAL STUDIO 2010\PROJECTS\MONOCULARVISION\MONOCULARVISION\DEBUG\MONOCULARVISION.EXE.EMBED.MANIFEST.RES
C:\Users\Rodrigo\documents\visual studio 2010\Projects\MonocularVision\MonocularVision\Debug\MonocularVision.exe.intermediate.manifest
C:\USERS\RODRIGO\DOCUMENTS\VISUAL STUDIO 2010\PROJECTS\MONOCULARVISION\MONOCULARVISION\DEBUG\MONOCULARVISION.OBJ
C:\Users\Rodrigo\documents\visual studio 2010\Projects\MonocularVision\MonocularVision\Debug\MonocularVision.pch
C:\Users\Rodrigo\documents\visual studio 2010\Projects\MonocularVision\MonocularVision\Debug\MonocularVision.write.1.tlog
C:\Users\Rodrigo\documents\visual studio 2010\Projects\MonocularVision\MonocularVision\Debug\MonocularVision_manifest.rc
C:\Users\Rodrigo\documents\visual studio 2010\Projects\MonocularVision\MonocularVision\Debug\mt.command.1.tlog
C:\Users\Rodrigo\documents\visual studio 2010\Projects\MonocularVision\MonocularVision\Debug\mt.read.1.tlog
C:\Users\Rodrigo\documents\visual studio 2010\Projects\MonocularVision\MonocularVision\Debug\mt.write.1.tlog
C:\Users\Rodrigo\documents\visual studio 2010\Projects\MonocularVision\MonocularVision\Debug\rc.command.1.tlog
C:\Users\Rodrigo\documents\visual studio 2010\Projects\MonocularVision\MonocularVision\Debug\rc.read.1.tlog
C:\Users\Rodrigo\documents\visual studio 2010\Projects\MonocularVision\MonocularVision\Debug\rc.write.1.tlog
C:\USERS\RODRIGO\DOCUMENTS\VISUAL STUDIO 2010\PROJECTS\MONOCULARVISION\MONOCULARVISION\DEBUG\STDAFX.OBJ
C:\Users\Rodrigo\documents\visual studio 2010\Projects\MonocularVision\MonocularVision\Debug\vc100.idb
C:\USERS\RODRIGO\DOCUMENTS\VISUAL STUDIO 2010\PROJECTS\MONOCULARVISION\MONOCULARVISION\DEBUG\VC100.PDB
