Build started 15/07/2015 18:39:32.
     1>Project "C:\Users\Rodrigo\documents\visual studio 2010\Projects\MonocularVision\MonocularVision\MonocularVision.vcxproj" on node 2 (rebuild target(s)).
     1>_PrepareForClean:
         Deleting file "Debug\MonocularVision.lastbuildstate".
       InitializeBuildStatus:
         Touching "Debug\MonocularVision.unsuccessfulbuild".
       ClCompile:
         c:\Program Files (x86)\Microsoft Visual Studio 10.0\VC\bin\CL.exe /c /IC:\opencv\opencv\build\include /ZI /nologo /W3 /WX- /Od /Oy- /D WIN32 /D _DEBUG /D _CONSOLE /D _UNICODE /D UNICODE /Gm /EHsc /RTC1 /MDd /GS /fp:precise /Zc:wchar_t /Zc:forScope /Yc"StdAfx.h" /Fp"Debug\MonocularVision.pch" /Fo"Debug\\" /Fd"Debug\vc100.pdb" /Gd /TP /analyze- /errorReport:prompt MonocularVision.cpp stdafx.cpp
         stdafx.cpp
         MonocularVision.cpp
       ManifestResourceCompile:
         c:\Program Files (x86)\Microsoft SDKs\Windows\v7.0A\bin\rc.exe /nologo /fo"Debug\MonocularVision.exe.embed.manifest.res" Debug\MonocularVision_manifest.rc 
       Link:
         c:\Program Files (x86)\Microsoft Visual Studio 10.0\VC\bin\link.exe /ERRORREPORT:PROMPT /OUT:"C:\Users\Rodrigo\documents\visual studio 2010\Projects\MonocularVision\Debug\MonocularVision.exe" /INCREMENTAL /NOLOGO /LIBPATH:C:\opencv\opencv\build\x64\vc11\lib opencv_calib3d249d.lib opencv_contrib249d.lib opencv_core249d.lib opencv_features2d249d.lib opencv_flann249d.lib opencv_gpu249d.lib opencv_highgui249d.lib opencv_imgproc249d.lib opencv_legacy249d.lib opencv_ml249d.lib opencv_nonfree249d.lib opencv_objdetect249d.lib opencv_ocl249d.lib opencv_photo249d.lib opencv_stitching249d.lib opencv_superres249d.lib opencv_ts249d.lib opencv_video249d.lib opencv_videostab249d.lib kernel32.lib user32.lib gdi32.lib winspool.lib comdlg32.lib advapi32.lib shell32.lib ole32.lib oleaut32.lib uuid.lib odbc32.lib odbccp32.lib /MANIFEST /ManifestFile:"Debug\MonocularVision.exe.intermediate.manifest" /MANIFESTUAC:"level='asInvoker' uiAccess='false'" /DEBUG /PDB:"C:\Users\Rodrigo\documents\visual studio 2010\Projects\MonocularVision\Debug\MonocularVision.pdb" /SUBSYSTEM:CONSOLE /TLBID:1 /DYNAMICBASE /NXCOMPAT /IMPLIB:"C:\Users\Rodrigo\documents\visual studio 2010\Projects\MonocularVision\Debug\MonocularVision.lib" /MACHINE:X86 Debug\MonocularVision.exe.embed.manifest.res
         Debug\MonocularVision.obj
         Debug\stdafx.obj
     1>opencv_highgui249d.lib(opencv_highgui249d.dll) : fatal error LNK1112: module machine type 'x64' conflicts with target machine type 'X86'
     1>Done Building Project "C:\Users\Rodrigo\documents\visual studio 2010\Projects\MonocularVision\MonocularVision\MonocularVision.vcxproj" (rebuild target(s)) -- FAILED.

Build FAILED.

Time Elapsed 00:00:00.78
