Build started 15/07/2015 18:41:29.
     1>Project "C:\Users\Rodrigo\documents\visual studio 2010\Projects\MonocularVision\MonocularVision\MonocularVision.vcxproj" on node 2 (build target(s)).
     1>InitializeBuildStatus:
         Creating "x64\Debug\MonocularVision.unsuccessfulbuild" because "AlwaysCreate" was specified.
       ClCompile:
         c:\Program Files (x86)\Microsoft Visual Studio 10.0\VC\bin\x86_amd64\CL.exe /c /IC:\opencv\opencv\build\include /Zi /nologo /W3 /WX- /Od /D WIN32 /D _DEBUG /D _CONSOLE /D _UNICODE /D UNICODE /Gm /EHsc /RTC1 /MDd /GS /fp:precise /Zc:wchar_t /Zc:forScope /Yc"StdAfx.h" /Fp"x64\Debug\MonocularVision.pch" /Fo"x64\Debug\\" /Fd"x64\Debug\vc100.pdb" /Gd /TP /errorReport:prompt MonocularVision.cpp
         MonocularVision.cpp
       ManifestResourceCompile:
         All outputs are up-to-date.
       Link:
         c:\Program Files (x86)\Microsoft Visual Studio 10.0\VC\bin\x86_amd64\link.exe /ERRORREPORT:PROMPT /OUT:"C:\Users\Rodrigo\documents\visual studio 2010\Projects\MonocularVision\x64\Debug\MonocularVision.exe" /INCREMENTAL /NOLOGO /LIBPATH:C:\opencv\opencv\build\x64\vc11\lib opencv_calib3d249d.lib opencv_contrib249d.lib opencv_core249d.lib opencv_features2d249d.lib opencv_flann249d.lib opencv_gpu249d.lib opencv_highgui249d.lib opencv_imgproc249d.lib opencv_legacy249d.lib opencv_ml249d.lib opencv_nonfree249d.lib opencv_objdetect249d.lib opencv_ocl249d.lib opencv_photo249d.lib opencv_stitching249d.lib opencv_superres249d.lib opencv_ts249d.lib opencv_video249d.lib opencv_videostab249d.lib kernel32.lib user32.lib gdi32.lib winspool.lib comdlg32.lib advapi32.lib shell32.lib ole32.lib oleaut32.lib uuid.lib odbc32.lib odbccp32.lib /MANIFEST /ManifestFile:"x64\Debug\MonocularVision.exe.intermediate.manifest" /MANIFESTUAC:"level='asInvoker' uiAccess='false'" /DEBUG /PDB:"C:\Users\Rodrigo\documents\visual studio 2010\Projects\MonocularVision\x64\Debug\MonocularVision.pdb" /SUBSYSTEM:CONSOLE /TLBID:1 /DYNAMICBASE /NXCOMPAT /IMPLIB:"C:\Users\Rodrigo\documents\visual studio 2010\Projects\MonocularVision\x64\Debug\MonocularVision.lib" /MACHINE:X64 x64\Debug\MonocularVision.exe.embed.manifest.res
         x64\Debug\MonocularVision.obj
         x64\Debug\stdafx.obj
         MonocularVision.vcxproj -> C:\Users\Rodrigo\documents\visual studio 2010\Projects\MonocularVision\x64\Debug\MonocularVision.exe
       Manifest:
         c:\Program Files (x86)\Microsoft SDKs\Windows\v7.0A\bin\mt.exe /nologo /verbose /out:"x64\Debug\MonocularVision.exe.embed.manifest" /manifest x64\Debug\MonocularVision.exe.intermediate.manifest
         All outputs are up-to-date.
       LinkEmbedManifest:
         All outputs are up-to-date.
         MonocularVision.vcxproj -> C:\Users\Rodrigo\documents\visual studio 2010\Projects\MonocularVision\x64\Debug\MonocularVision.exe
       FinalizeBuildStatus:
         Deleting file "x64\Debug\MonocularVision.unsuccessfulbuild".
         Touching "x64\Debug\MonocularVision.lastbuildstate".
     1>Done Building Project "C:\Users\Rodrigo\documents\visual studio 2010\Projects\MonocularVision\MonocularVision\MonocularVision.vcxproj" (build target(s)).

Build succeeded.

Time Elapsed 00:00:00.87
